Using pre-set license
Built from '2020.3/release' branch; Version is '2020.3.27f1 (e759542391ea) revision 15161684'; Using compiler version '192528614'; Build Type 'Release'
OS: 'Windows 10  (10.0.19044) 64bit Core' Language: 'tr' Physical Memory: 16322 MB
BatchMode: 1, IsHumanControllingUs: 0, StartBugReporterOnCrash: 0, Is64bit: 1, IsPro: 0

COMMAND LINE ARGUMENTS:
D:\Emre (Do Not Touch)\2020.3.27f1\Editor\Unity.exe
-adb2
-batchMode
-noUpm
-name
AssetImportWorker0
-projectPath
D:/Rain/the-Rain-/the Rain
-logFile
Logs/AssetImportWorker0.log
-srvPort
56424
Successfully changed project path to: D:/Rain/the-Rain-/the Rain
D:/Rain/the-Rain-/the Rain
Using Asset Import Pipeline V2.
Refreshing native plugins compatible for Editor in 55.01 ms, found 4 plugins.
Preloading 0 native plugins for Editor in 0.00 ms.
Initialize engine version: 2020.3.27f1 (e759542391ea)
[Subsystems] Discovering subsystems at path D:/Emre (Do Not Touch)/2020.3.27f1/Editor/Data/Resources/UnitySubsystems
[Subsystems] Discovering subsystems at path D:/Rain/the-Rain-/the Rain/Assets
GfxDevice: creating device client; threaded=0
Direct3D:
    Version:  Direct3D 11.0 [level 11.1]
    Renderer: NVIDIA GeForce GTX 1050 Ti (ID=0x1c82)
    Vendor:   
    VRAM:     4018 MB
    Driver:   27.21.14.5671
Initialize mono
Mono path[0] = 'D:/Emre (Do Not Touch)/2020.3.27f1/Editor/Data/Managed'
Mono path[1] = 'D:/Emre (Do Not Touch)/2020.3.27f1/Editor/Data/MonoBleedingEdge/lib/mono/unityjit'
Mono config path = 'D:/Emre (Do Not Touch)/2020.3.27f1/Editor/Data/MonoBleedingEdge/etc'
Using monoOptions --debugger-agent=transport=dt_socket,embedding=1,server=y,suspend=n,address=127.0.0.1:56336
Begin MonoManager ReloadAssembly
Registering precompiled unity dll's ...
Register platform support module: D:/Emre (Do Not Touch)/2020.3.27f1/Editor/Data/PlaybackEngines/WebGLSupport/UnityEditor.WebGL.Extensions.dll
Register platform support module: D:/Emre (Do Not Touch)/2020.3.27f1/Editor/Data/PlaybackEngines/WindowsStandaloneSupport/UnityEditor.WindowsStandalone.Extensions.dll
Registered in 0.001524 seconds.
Native extension for WindowsStandalone target not found
Native extension for WebGL target not found
Refreshing native plugins compatible for Editor in 65.14 ms, found 4 plugins.
Preloading 0 native plugins for Editor in 0.00 ms.
Mono: successfully reloaded assembly
- Completed reload, in  1.213 seconds
Domain Reload Profiling:
	ReloadAssembly (1214ms)
		BeginReloadAssembly (102ms)
			ExecutionOrderSort (0ms)
			DisableScriptedObjects (0ms)
			BackupInstance (0ms)
			ReleaseScriptingObjects (0ms)
			CreateAndSetChildDomain (1ms)
		EndReloadAssembly (1032ms)
			LoadAssemblies (104ms)
			RebuildTransferFunctionScriptingTraits (0ms)
			SetupTypeCache (210ms)
			ReleaseScriptCaches (0ms)
			RebuildScriptCaches (45ms)
			SetupLoadedEditorAssemblies (548ms)
				LogAssemblyErrors (0ms)
				InitializePlatformSupportModulesInManaged (8ms)
				SetLoadedEditorAssemblies (0ms)
				RefreshPlugins (65ms)
				BeforeProcessingInitializeOnLoad (93ms)
				ProcessInitializeOnLoadAttributes (329ms)
				ProcessInitializeOnLoadMethodAttributes (51ms)
				AfterProcessingInitializeOnLoad (0ms)
				EditorAssembliesLoaded (0ms)
			ExecutionOrderSort2 (0ms)
			AwakeInstancesAfterBackupRestoration (0ms)
Platform modules already initialized, skipping
Registering precompiled user dll's ...
Registered in 0.013627 seconds.
Begin MonoManager ReloadAssembly
Native extension for WindowsStandalone target not found
Native extension for WebGL target not found
Refreshing native plugins compatible for Editor in 0.40 ms, found 4 plugins.
Preloading 0 native plugins for Editor in 0.00 ms.
Mono: successfully reloaded assembly
- Completed reload, in  1.331 seconds
Domain Reload Profiling:
	ReloadAssembly (1332ms)
		BeginReloadAssembly (201ms)
			ExecutionOrderSort (0ms)
			DisableScriptedObjects (5ms)
			BackupInstance (0ms)
			ReleaseScriptingObjects (0ms)
			CreateAndSetChildDomain (20ms)
		EndReloadAssembly (1062ms)
			LoadAssemblies (142ms)
			RebuildTransferFunctionScriptingTraits (0ms)
			SetupTypeCache (367ms)
			ReleaseScriptCaches (0ms)
			RebuildScriptCaches (49ms)
			SetupLoadedEditorAssemblies (413ms)
				LogAssemblyErrors (0ms)
				InitializePlatformSupportModulesInManaged (7ms)
				SetLoadedEditorAssemblies (0ms)
				RefreshPlugins (0ms)
				BeforeProcessingInitializeOnLoad (87ms)
				ProcessInitializeOnLoadAttributes (284ms)
				ProcessInitializeOnLoadMethodAttributes (30ms)
				AfterProcessingInitializeOnLoad (3ms)
				EditorAssembliesLoaded (0ms)
			ExecutionOrderSort2 (0ms)
			AwakeInstancesAfterBackupRestoration (16ms)
Platform modules already initialized, skipping
========================================================================
Worker process is ready to serve import requests
Launched and connected shader compiler UnityShaderCompiler.exe after 0.05 seconds
Refreshing native plugins compatible for Editor in 0.51 ms, found 4 plugins.
Preloading 0 native plugins for Editor in 0.00 ms.
Unloading 1667 Unused Serialized files (Serialized files now loaded: 0)
System memory in use before: 78.8 MB.
System memory in use after: 78.9 MB.

Unloading 33 unused Assets to reduce memory usage. Loaded Objects now: 2132.
Total: 2.833500 ms (FindLiveObjects: 0.130000 ms CreateObjectMapping: 0.061900 ms MarkObjects: 2.561800 ms  DeleteObjects: 0.078800 ms)

AssetImportParameters requested are different than current active one (requested -> active):
  custom:framework-win-MediaFoundation: 216162199b28c13a410421893ffa2e32 -> 
  custom:video-decoder-ogg-theora: a1e56fd34408186e4bbccfd4996cb3dc -> 
  custom:container-muxer-webm: aa71ff27fc2769a1b78a27578f13a17b -> 
  custom:container-demuxer-webm: 4f35f7cbe854078d1ac9338744f61a02 -> 
  custom:container-demuxer-ogg: 62fdf1f143b41e24485cea50d1cbac27 -> 
  custom:video-encoder-webm-vp8: eb34c28f22e8b96e1ab97ce403110664 -> 
  custom:video-decoder-webm-vp8: 9c59270c3fd7afecdb556c50c9e8de78 -> 
  custom:audio-decoder-ogg-vorbis: bf7c407c2cedff20999df2af8eb42d56 -> 
  custom:audio-encoder-webm-vorbis: bf7c407c2cedff20999df2af8eb42d56 -> 
========================================================================
Received Import Request.
  path: Assets/w.fbx
  artifactKey: Guid(c247175ab0a7d71448d951268b99d70c) Importer(815301076,1909f56bfc062723c751e8b465ee728b)
Start importing Assets/w.fbx using Guid(c247175ab0a7d71448d951268b99d70c) Importer(815301076,1909f56bfc062723c751e8b465ee728b)  -> (artifact id: '497bd82789aad24aafc62afa06abc9df') in 0.316475 seconds 
  Import took 0.335960 seconds .

========================================================================
Received Import Request.
  Time since last request: 0.218161 seconds.
  path: Assets/w.fbx
  artifactKey: Guid(c247175ab0a7d71448d951268b99d70c) Importer(815301076,1909f56bfc062723c751e8b465ee728b)
Start importing Assets/w.fbx using Guid(c247175ab0a7d71448d951268b99d70c) Importer(815301076,1909f56bfc062723c751e8b465ee728b)  -> (artifact id: 'ad15f65411ebd8de16e48e5ef101569e') in 0.094973 seconds 
  Import took 0.099063 seconds .

========================================================================
Received Import Request.
  Time since last request: 4.723575 seconds.
  path: Assets/w.fbx
  artifactKey: Guid(c247175ab0a7d71448d951268b99d70c) Importer(815301076,1909f56bfc062723c751e8b465ee728b)
Start importing Assets/w.fbx using Guid(c247175ab0a7d71448d951268b99d70c) Importer(815301076,1909f56bfc062723c751e8b465ee728b)  -> (artifact id: '88a507d569c48617606faa3eb3958ac9') in 0.089012 seconds 
  Import took 0.108738 seconds .

========================================================================
Received Import Request.
  Time since last request: 1.997627 seconds.
  path: Assets/w.fbx
  artifactKey: Guid(c247175ab0a7d71448d951268b99d70c) Importer(815301076,1909f56bfc062723c751e8b465ee728b)
Start importing Assets/w.fbx using Guid(c247175ab0a7d71448d951268b99d70c) Importer(815301076,1909f56bfc062723c751e8b465ee728b)  -> (artifact id: 'd00ec56c32fdff09fdc855b6e6d78d8b') in 0.105808 seconds 
  Import took 0.110105 seconds .

========================================================================
Received Import Request.
  Time since last request: 3.040076 seconds.
  path: Assets/w.fbx
  artifactKey: Guid(c247175ab0a7d71448d951268b99d70c) Importer(815301076,1909f56bfc062723c751e8b465ee728b)
Start importing Assets/w.fbx using Guid(c247175ab0a7d71448d951268b99d70c) Importer(815301076,1909f56bfc062723c751e8b465ee728b)  -> (artifact id: '211f6bf5c1a1e13d23183510ab050101') in 0.089698 seconds 
  Import took 0.108433 seconds .

========================================================================
Received Import Request.
  Time since last request: 77.314571 seconds.
  path: Assets/M1A1_thompson_LOD2.obj
  artifactKey: Guid(12c94b5e9fb6c854eaf8d4f17fe41e2a) Importer(815301076,1909f56bfc062723c751e8b465ee728b)
Start importing Assets/M1A1_thompson_LOD2.obj using Guid(12c94b5e9fb6c854eaf8d4f17fe41e2a) Importer(815301076,1909f56bfc062723c751e8b465ee728b)  -> (artifact id: '84a0ddc2770392e30d2e7619711da882') in 0.108519 seconds 
  Import took 0.111883 seconds .

========================================================================
Received Import Request.
  Time since last request: 8.147278 seconds.
  path: Assets/M1A1_thompson_LOD2.obj
  artifactKey: Guid(12c94b5e9fb6c854eaf8d4f17fe41e2a) Importer(815301076,1909f56bfc062723c751e8b465ee728b)
Start importing Assets/M1A1_thompson_LOD2.obj using Guid(12c94b5e9fb6c854eaf8d4f17fe41e2a) Importer(815301076,1909f56bfc062723c751e8b465ee728b)  -> (artifact id: '09ecb7df1aa129c6e925f730e3a39e8b') in 0.022980 seconds 
  Import took 0.049945 seconds .

========================================================================
Received Import Request.
  Time since last request: 8.780115 seconds.
  path: Assets/M1A1_thompson_LOD2.obj
  artifactKey: Guid(12c94b5e9fb6c854eaf8d4f17fe41e2a) Importer(815301076,1909f56bfc062723c751e8b465ee728b)
Start importing Assets/M1A1_thompson_LOD2.obj using Guid(12c94b5e9fb6c854eaf8d4f17fe41e2a) Importer(815301076,1909f56bfc062723c751e8b465ee728b)  -> (artifact id: 'ef001cc443a71bb5fa8dc213393e04a0') in 0.053079 seconds 
  Import took 0.057609 seconds .

========================================================================
Received Import Request.
  Time since last request: 40.172283 seconds.
  path: Assets/textures/M1A1 Submachine Gun_2DView.png
  artifactKey: Guid(a8f0ca01ad1a2ad46b07fd126f7ccb29) Importer(815301076,1909f56bfc062723c751e8b465ee728b)
Start importing Assets/textures/M1A1 Submachine Gun_2DView.png using Guid(a8f0ca01ad1a2ad46b07fd126f7ccb29) Importer(815301076,1909f56bfc062723c751e8b465ee728b)  -> (artifact id: 'ad33691564b7afe5316763b0c36ab403') in 0.037244 seconds 
  Import took 0.053518 seconds .

========================================================================
Received Prepare
Registering precompiled user dll's ...
Registered in 0.017992 seconds.
Begin MonoManager ReloadAssembly
Native extension for WindowsStandalone target not found
Native extension for WebGL target not found
Refreshing native plugins compatible for Editor in 0.47 ms, found 4 plugins.
Preloading 0 native plugins for Editor in 0.00 ms.
Mono: successfully reloaded assembly
- Completed reload, in  1.383 seconds
Domain Reload Profiling:
	ReloadAssembly (1384ms)
		BeginReloadAssembly (188ms)
			ExecutionOrderSort (0ms)
			DisableScriptedObjects (5ms)
			BackupInstance (0ms)
			ReleaseScriptingObjects (0ms)
			CreateAndSetChildDomain (51ms)
		EndReloadAssembly (1102ms)
			LoadAssemblies (188ms)
			RebuildTransferFunctionScriptingTraits (0ms)
			SetupTypeCache (392ms)
			ReleaseScriptCaches (1ms)
			RebuildScriptCaches (48ms)
			SetupLoadedEditorAssemblies (380ms)
				LogAssemblyErrors (0ms)
				InitializePlatformSupportModulesInManaged (7ms)
				SetLoadedEditorAssemblies (4ms)
				RefreshPlugins (1ms)
				BeforeProcessingInitializeOnLoad (98ms)
				ProcessInitializeOnLoadAttributes (257ms)
				ProcessInitializeOnLoadMethodAttributes (11ms)
				AfterProcessingInitializeOnLoad (3ms)
				EditorAssembliesLoaded (0ms)
			ExecutionOrderSort2 (0ms)
			AwakeInstancesAfterBackupRestoration (7ms)
Platform modules already initialized, skipping
Refreshing native plugins compatible for Editor in 0.49 ms, found 4 plugins.
Preloading 0 native plugins for Editor in 0.00 ms.
Unloading 1643 Unused Serialized files (Serialized files now loaded: 0)
System memory in use before: 80.4 MB.
System memory in use after: 80.5 MB.

Unloading 28 unused Assets to reduce memory usage. Loaded Objects now: 2178.
Total: 3.179300 ms (FindLiveObjects: 0.156100 ms CreateObjectMapping: 0.092000 ms MarkObjects: 2.911600 ms  DeleteObjects: 0.018700 ms)

AssetImportParameters requested are different than current active one (requested -> active):
  custom:framework-win-MediaFoundation: 216162199b28c13a410421893ffa2e32 -> 
  custom:video-decoder-ogg-theora: a1e56fd34408186e4bbccfd4996cb3dc -> 
  custom:container-muxer-webm: aa71ff27fc2769a1b78a27578f13a17b -> 
  custom:container-demuxer-webm: 4f35f7cbe854078d1ac9338744f61a02 -> 
  custom:container-demuxer-ogg: 62fdf1f143b41e24485cea50d1cbac27 -> 
  custom:video-encoder-webm-vp8: eb34c28f22e8b96e1ab97ce403110664 -> 
  custom:video-decoder-webm-vp8: 9c59270c3fd7afecdb556c50c9e8de78 -> 
  custom:audio-decoder-ogg-vorbis: bf7c407c2cedff20999df2af8eb42d56 -> 
  custom:audio-encoder-webm-vorbis: bf7c407c2cedff20999df2af8eb42d56 -> 
========================================================================
Received Prepare
Registering precompiled user dll's ...
Registered in 0.020513 seconds.
Begin MonoManager ReloadAssembly
Native extension for WindowsStandalone target not found
Native extension for WebGL target not found
Refreshing native plugins compatible for Editor in 0.44 ms, found 4 plugins.
Preloading 0 native plugins for Editor in 0.00 ms.
Mono: successfully reloaded assembly
- Completed reload, in  1.594 seconds
Domain Reload Profiling:
	ReloadAssembly (1595ms)
		BeginReloadAssembly (249ms)
			ExecutionOrderSort (0ms)
			DisableScriptedObjects (10ms)
			BackupInstance (0ms)
			ReleaseScriptingObjects (0ms)
			CreateAndSetChildDomain (53ms)
		EndReloadAssembly (1265ms)
			LoadAssemblies (220ms)
			RebuildTransferFunctionScriptingTraits (0ms)
			SetupTypeCache (437ms)
			ReleaseScriptCaches (1ms)
			RebuildScriptCaches (57ms)
			SetupLoadedEditorAssemblies (492ms)
				LogAssemblyErrors (0ms)
				InitializePlatformSupportModulesInManaged (6ms)
				SetLoadedEditorAssemblies (1ms)
				RefreshPlugins (1ms)
				BeforeProcessingInitializeOnLoad (83ms)
				ProcessInitializeOnLoadAttributes (386ms)
				ProcessInitializeOnLoadMethodAttributes (13ms)
				AfterProcessingInitializeOnLoad (3ms)
				EditorAssembliesLoaded (0ms)
			ExecutionOrderSort2 (0ms)
			AwakeInstancesAfterBackupRestoration (9ms)
Platform modules already initialized, skipping
Refreshing native plugins compatible for Editor in 0.40 ms, found 4 plugins.
Preloading 0 native plugins for Editor in 0.00 ms.
Unloading 1643 Unused Serialized files (Serialized files now loaded: 0)
System memory in use before: 80.4 MB.
System memory in use after: 80.6 MB.

Unloading 28 unused Assets to reduce memory usage. Loaded Objects now: 2180.
Total: 2.500300 ms (FindLiveObjects: 0.133400 ms CreateObjectMapping: 0.059800 ms MarkObjects: 2.290000 ms  DeleteObjects: 0.016400 ms)

AssetImportParameters requested are different than current active one (requested -> active):
  custom:framework-win-MediaFoundation: 216162199b28c13a410421893ffa2e32 -> 
  custom:video-decoder-ogg-theora: a1e56fd34408186e4bbccfd4996cb3dc -> 
  custom:container-muxer-webm: aa71ff27fc2769a1b78a27578f13a17b -> 
  custom:container-demuxer-webm: 4f35f7cbe854078d1ac9338744f61a02 -> 
  custom:container-demuxer-ogg: 62fdf1f143b41e24485cea50d1cbac27 -> 
  custom:video-encoder-webm-vp8: eb34c28f22e8b96e1ab97ce403110664 -> 
  custom:video-decoder-webm-vp8: 9c59270c3fd7afecdb556c50c9e8de78 -> 
  custom:audio-decoder-ogg-vorbis: bf7c407c2cedff20999df2af8eb42d56 -> 
  custom:audio-encoder-webm-vorbis: bf7c407c2cedff20999df2af8eb42d56 -> 
AssetImportWorkerClient::OnTransportError - code=2 error=End of file
